CRITICAL - 2022-06-13 18:15:01 --> Cache unable to write to C:\wamp64\www\SimpleTine\CodeIgniter4\hmvc\writable\cache/
#0 C:\wamp64\www\SimpleTine\CodeIgniter4\hmvc\system\Cache\Handlers\FileHandler.php(69): CodeIgniter\Cache\Exceptions\CacheException::forUnableToWrite('C:\\wamp64\\www\\S...')
#1 C:\wamp64\www\SimpleTine\CodeIgniter4\hmvc\system\Cache\CacheFactory.php(55): CodeIgniter\Cache\Handlers\FileHandler->__construct(Object(Config\Cache))
#2 C:\wamp64\www\SimpleTine\CodeIgniter4\hmvc\system\Config\Services.php(108): CodeIgniter\Cache\CacheFactory::getHandler(Object(Config\Cache))
#3 C:\wamp64\www\SimpleTine\CodeIgniter4\hmvc\system\Config\BaseService.php(100): CodeIgniter\Config\Services::cache(Object(Config\Cache), false)
#4 C:\wamp64\www\SimpleTine\CodeIgniter4\hmvc\system\Config\Services.php(103): CodeIgniter\Config\BaseService::getSharedInstance('cache', NULL)
#5 C:\wamp64\www\SimpleTine\CodeIgniter4\hmvc\system\Common.php(71): CodeIgniter\Config\Services::cache()
#6 C:\wamp64\www\SimpleTine\CodeIgniter4\hmvc\system\CodeIgniter.php(658): cache()
#7 C:\wamp64\www\SimpleTine\CodeIgniter4\hmvc\system\CodeIgniter.php(319): CodeIgniter\CodeIgniter->displayCache(Object(Config\Cache))
#8 C:\wamp64\www\SimpleTine\CodeIgniter4\hmvc\public\index.php(45): CodeIgniter\CodeIgniter->run()
#9 {main}
CRITICAL - 2022-06-13 18:15:06 --> Cache unable to write to C:\wamp64\www\SimpleTine\CodeIgniter4\hmvc\writable\cache/
#0 C:\wamp64\www\SimpleTine\CodeIgniter4\hmvc\system\Cache\Handlers\FileHandler.php(69): CodeIgniter\Cache\Exceptions\CacheException::forUnableToWrite('C:\\wamp64\\www\\S...')
#1 C:\wamp64\www\SimpleTine\CodeIgniter4\hmvc\system\Cache\CacheFactory.php(55): CodeIgniter\Cache\Handlers\FileHandler->__construct(Object(Config\Cache))
#2 C:\wamp64\www\SimpleTine\CodeIgniter4\hmvc\system\Config\Services.php(108): CodeIgniter\Cache\CacheFactory::getHandler(Object(Config\Cache))
#3 C:\wamp64\www\SimpleTine\CodeIgniter4\hmvc\system\Config\BaseService.php(100): CodeIgniter\Config\Services::cache(Object(Config\Cache), false)
#4 C:\wamp64\www\SimpleTine\CodeIgniter4\hmvc\system\Config\Services.php(103): CodeIgniter\Config\BaseService::getSharedInstance('cache', NULL)
#5 C:\wamp64\www\SimpleTine\CodeIgniter4\hmvc\system\Common.php(71): CodeIgniter\Config\Services::cache()
#6 C:\wamp64\www\SimpleTine\CodeIgniter4\hmvc\system\CodeIgniter.php(658): cache()
#7 C:\wamp64\www\SimpleTine\CodeIgniter4\hmvc\system\CodeIgniter.php(319): CodeIgniter\CodeIgniter->displayCache(Object(Config\Cache))
#8 C:\wamp64\www\SimpleTine\CodeIgniter4\hmvc\public\index.php(45): CodeIgniter\CodeIgniter->run()
#9 {main}
CRITICAL - 2022-06-13 18:15:13 --> Cache unable to write to C:\wamp64\www\SimpleTine\CodeIgniter4\hmvc\writable\cache/
#0 C:\wamp64\www\SimpleTine\CodeIgniter4\hmvc\system\Cache\Handlers\FileHandler.php(69): CodeIgniter\Cache\Exceptions\CacheException::forUnableToWrite('C:\\wamp64\\www\\S...')
#1 C:\wamp64\www\SimpleTine\CodeIgniter4\hmvc\system\Cache\CacheFactory.php(55): CodeIgniter\Cache\Handlers\FileHandler->__construct(Object(Config\Cache))
#2 C:\wamp64\www\SimpleTine\CodeIgniter4\hmvc\system\Config\Services.php(108): CodeIgniter\Cache\CacheFactory::getHandler(Object(Config\Cache))
#3 C:\wamp64\www\SimpleTine\CodeIgniter4\hmvc\system\Config\BaseService.php(100): CodeIgniter\Config\Services::cache(Object(Config\Cache), false)
#4 C:\wamp64\www\SimpleTine\CodeIgniter4\hmvc\system\Config\Services.php(103): CodeIgniter\Config\BaseService::getSharedInstance('cache', NULL)
#5 C:\wamp64\www\SimpleTine\CodeIgniter4\hmvc\system\Common.php(71): CodeIgniter\Config\Services::cache()
#6 C:\wamp64\www\SimpleTine\CodeIgniter4\hmvc\system\CodeIgniter.php(658): cache()
#7 C:\wamp64\www\SimpleTine\CodeIgniter4\hmvc\system\CodeIgniter.php(319): CodeIgniter\CodeIgniter->displayCache(Object(Config\Cache))
#8 C:\wamp64\www\SimpleTine\CodeIgniter4\hmvc\public\index.php(45): CodeIgniter\CodeIgniter->run()
#9 {main}
CRITICAL - 2022-06-13 18:16:59 --> Cache unable to write to C:\wamp64\www\SimpleTine\CodeIgniter4\hmvc\writable\cache/
#0 C:\wamp64\www\SimpleTine\CodeIgniter4\hmvc\system\Cache\Handlers\FileHandler.php(69): CodeIgniter\Cache\Exceptions\CacheException::forUnableToWrite('C:\\wamp64\\www\\S...')
#1 C:\wamp64\www\SimpleTine\CodeIgniter4\hmvc\system\Cache\CacheFactory.php(55): CodeIgniter\Cache\Handlers\FileHandler->__construct(Object(Config\Cache))
#2 C:\wamp64\www\SimpleTine\CodeIgniter4\hmvc\system\Config\Services.php(108): CodeIgniter\Cache\CacheFactory::getHandler(Object(Config\Cache))
#3 C:\wamp64\www\SimpleTine\CodeIgniter4\hmvc\system\Config\BaseService.php(100): CodeIgniter\Config\Services::cache(Object(Config\Cache), false)
#4 C:\wamp64\www\SimpleTine\CodeIgniter4\hmvc\system\Config\Services.php(103): CodeIgniter\Config\BaseService::getSharedInstance('cache', NULL)
#5 C:\wamp64\www\SimpleTine\CodeIgniter4\hmvc\system\Common.php(71): CodeIgniter\Config\Services::cache()
#6 C:\wamp64\www\SimpleTine\CodeIgniter4\hmvc\system\CodeIgniter.php(658): cache()
#7 C:\wamp64\www\SimpleTine\CodeIgniter4\hmvc\system\CodeIgniter.php(319): CodeIgniter\CodeIgniter->displayCache(Object(Config\Cache))
#8 C:\wamp64\www\SimpleTine\CodeIgniter4\hmvc\public\index.php(45): CodeIgniter\CodeIgniter->run()
#9 {main}
CRITICAL - 2022-06-13 18:17:34 --> Cache unable to write to C:\wamp64\www\SimpleTine\CodeIgniter4\hmvc\writable\cache/
#0 C:\wamp64\www\SimpleTine\CodeIgniter4\hmvc\system\Cache\Handlers\FileHandler.php(69): CodeIgniter\Cache\Exceptions\CacheException::forUnableToWrite('C:\\wamp64\\www\\S...')
#1 C:\wamp64\www\SimpleTine\CodeIgniter4\hmvc\system\Cache\CacheFactory.php(55): CodeIgniter\Cache\Handlers\FileHandler->__construct(Object(Config\Cache))
#2 C:\wamp64\www\SimpleTine\CodeIgniter4\hmvc\system\Config\Services.php(108): CodeIgniter\Cache\CacheFactory::getHandler(Object(Config\Cache))
#3 C:\wamp64\www\SimpleTine\CodeIgniter4\hmvc\system\Config\BaseService.php(100): CodeIgniter\Config\Services::cache(Object(Config\Cache), false)
#4 C:\wamp64\www\SimpleTine\CodeIgniter4\hmvc\system\Config\Services.php(103): CodeIgniter\Config\BaseService::getSharedInstance('cache', NULL)
#5 C:\wamp64\www\SimpleTine\CodeIgniter4\hmvc\system\Common.php(71): CodeIgniter\Config\Services::cache()
#6 C:\wamp64\www\SimpleTine\CodeIgniter4\hmvc\system\CodeIgniter.php(658): cache()
#7 C:\wamp64\www\SimpleTine\CodeIgniter4\hmvc\system\CodeIgniter.php(319): CodeIgniter\CodeIgniter->displayCache(Object(Config\Cache))
#8 C:\wamp64\www\SimpleTine\CodeIgniter4\hmvc\public\index.php(45): CodeIgniter\CodeIgniter->run()
#9 {main}
CRITICAL - 2022-06-13 18:18:35 --> Cache unable to write to C:\wamp64\www\SimpleTine\CodeIgniter4\hmvc\writable\cache/index/
#0 C:\wamp64\www\SimpleTine\CodeIgniter4\hmvc\system\Cache\Handlers\FileHandler.php(69): CodeIgniter\Cache\Exceptions\CacheException::forUnableToWrite('C:\\wamp64\\www\\S...')
#1 C:\wamp64\www\SimpleTine\CodeIgniter4\hmvc\system\Cache\CacheFactory.php(55): CodeIgniter\Cache\Handlers\FileHandler->__construct(Object(Config\Cache))
#2 C:\wamp64\www\SimpleTine\CodeIgniter4\hmvc\system\Config\Services.php(108): CodeIgniter\Cache\CacheFactory::getHandler(Object(Config\Cache))
#3 C:\wamp64\www\SimpleTine\CodeIgniter4\hmvc\system\Config\BaseService.php(100): CodeIgniter\Config\Services::cache(Object(Config\Cache), false)
#4 C:\wamp64\www\SimpleTine\CodeIgniter4\hmvc\system\Config\Services.php(103): CodeIgniter\Config\BaseService::getSharedInstance('cache', NULL)
#5 C:\wamp64\www\SimpleTine\CodeIgniter4\hmvc\system\Common.php(71): CodeIgniter\Config\Services::cache()
#6 C:\wamp64\www\SimpleTine\CodeIgniter4\hmvc\system\CodeIgniter.php(658): cache()
#7 C:\wamp64\www\SimpleTine\CodeIgniter4\hmvc\system\CodeIgniter.php(319): CodeIgniter\CodeIgniter->displayCache(Object(Config\Cache))
#8 C:\wamp64\www\SimpleTine\CodeIgniter4\hmvc\public\index.php(45): CodeIgniter\CodeIgniter->run()
#9 {main}
CRITICAL - 2022-06-13 18:18:40 --> Cache unable to write to C:\wamp64\www\SimpleTine\CodeIgniter4\hmvc\writable\cache/index.html/
#0 C:\wamp64\www\SimpleTine\CodeIgniter4\hmvc\system\Cache\Handlers\FileHandler.php(69): CodeIgniter\Cache\Exceptions\CacheException::forUnableToWrite('C:\\wamp64\\www\\S...')
#1 C:\wamp64\www\SimpleTine\CodeIgniter4\hmvc\system\Cache\CacheFactory.php(55): CodeIgniter\Cache\Handlers\FileHandler->__construct(Object(Config\Cache))
#2 C:\wamp64\www\SimpleTine\CodeIgniter4\hmvc\system\Config\Services.php(108): CodeIgniter\Cache\CacheFactory::getHandler(Object(Config\Cache))
#3 C:\wamp64\www\SimpleTine\CodeIgniter4\hmvc\system\Config\BaseService.php(100): CodeIgniter\Config\Services::cache(Object(Config\Cache), false)
#4 C:\wamp64\www\SimpleTine\CodeIgniter4\hmvc\system\Config\Services.php(103): CodeIgniter\Config\BaseService::getSharedInstance('cache', NULL)
#5 C:\wamp64\www\SimpleTine\CodeIgniter4\hmvc\system\Common.php(71): CodeIgniter\Config\Services::cache()
#6 C:\wamp64\www\SimpleTine\CodeIgniter4\hmvc\system\CodeIgniter.php(658): cache()
#7 C:\wamp64\www\SimpleTine\CodeIgniter4\hmvc\system\CodeIgniter.php(319): CodeIgniter\CodeIgniter->displayCache(Object(Config\Cache))
#8 C:\wamp64\www\SimpleTine\CodeIgniter4\hmvc\public\index.php(45): CodeIgniter\CodeIgniter->run()
#9 {main}
CRITICAL - 2022-06-13 18:18:41 --> Cache unable to write to C:\wamp64\www\SimpleTine\CodeIgniter4\hmvc\writable\cache/index.html/
#0 C:\wamp64\www\SimpleTine\CodeIgniter4\hmvc\system\Cache\Handlers\FileHandler.php(69): CodeIgniter\Cache\Exceptions\CacheException::forUnableToWrite('C:\\wamp64\\www\\S...')
#1 C:\wamp64\www\SimpleTine\CodeIgniter4\hmvc\system\Cache\CacheFactory.php(55): CodeIgniter\Cache\Handlers\FileHandler->__construct(Object(Config\Cache))
#2 C:\wamp64\www\SimpleTine\CodeIgniter4\hmvc\system\Config\Services.php(108): CodeIgniter\Cache\CacheFactory::getHandler(Object(Config\Cache))
#3 C:\wamp64\www\SimpleTine\CodeIgniter4\hmvc\system\Config\BaseService.php(100): CodeIgniter\Config\Services::cache(Object(Config\Cache), false)
#4 C:\wamp64\www\SimpleTine\CodeIgniter4\hmvc\system\Config\Services.php(103): CodeIgniter\Config\BaseService::getSharedInstance('cache', NULL)
#5 C:\wamp64\www\SimpleTine\CodeIgniter4\hmvc\system\Common.php(71): CodeIgniter\Config\Services::cache()
#6 C:\wamp64\www\SimpleTine\CodeIgniter4\hmvc\system\CodeIgniter.php(658): cache()
#7 C:\wamp64\www\SimpleTine\CodeIgniter4\hmvc\system\CodeIgniter.php(319): CodeIgniter\CodeIgniter->displayCache(Object(Config\Cache))
#8 C:\wamp64\www\SimpleTine\CodeIgniter4\hmvc\public\index.php(45): CodeIgniter\CodeIgniter->run()
#9 {main}
CRITICAL - 2022-06-13 18:19:01 --> Cache unable to write to C:\wamp64\www\SimpleTine\CodeIgniter4\hmvc\writable\caches/
#0 C:\wamp64\www\SimpleTine\CodeIgniter4\hmvc\system\Cache\Handlers\FileHandler.php(69): CodeIgniter\Cache\Exceptions\CacheException::forUnableToWrite('C:\\wamp64\\www\\S...')
#1 C:\wamp64\www\SimpleTine\CodeIgniter4\hmvc\system\Cache\CacheFactory.php(55): CodeIgniter\Cache\Handlers\FileHandler->__construct(Object(Config\Cache))
#2 C:\wamp64\www\SimpleTine\CodeIgniter4\hmvc\system\Config\Services.php(108): CodeIgniter\Cache\CacheFactory::getHandler(Object(Config\Cache))
#3 C:\wamp64\www\SimpleTine\CodeIgniter4\hmvc\system\Config\BaseService.php(100): CodeIgniter\Config\Services::cache(Object(Config\Cache), false)
#4 C:\wamp64\www\SimpleTine\CodeIgniter4\hmvc\system\Config\Services.php(103): CodeIgniter\Config\BaseService::getSharedInstance('cache', NULL)
#5 C:\wamp64\www\SimpleTine\CodeIgniter4\hmvc\system\Common.php(71): CodeIgniter\Config\Services::cache()
#6 C:\wamp64\www\SimpleTine\CodeIgniter4\hmvc\system\CodeIgniter.php(658): cache()
#7 C:\wamp64\www\SimpleTine\CodeIgniter4\hmvc\system\CodeIgniter.php(319): CodeIgniter\CodeIgniter->displayCache(Object(Config\Cache))
#8 C:\wamp64\www\SimpleTine\CodeIgniter4\hmvc\public\index.php(45): CodeIgniter\CodeIgniter->run()
#9 {main}
CRITICAL - 2022-06-13 18:19:03 --> Cache unable to write to C:\wamp64\www\SimpleTine\CodeIgniter4\hmvc\writable\caches/
#0 C:\wamp64\www\SimpleTine\CodeIgniter4\hmvc\system\Cache\Handlers\FileHandler.php(69): CodeIgniter\Cache\Exceptions\CacheException::forUnableToWrite('C:\\wamp64\\www\\S...')
#1 C:\wamp64\www\SimpleTine\CodeIgniter4\hmvc\system\Cache\CacheFactory.php(55): CodeIgniter\Cache\Handlers\FileHandler->__construct(Object(Config\Cache))
#2 C:\wamp64\www\SimpleTine\CodeIgniter4\hmvc\system\Config\Services.php(108): CodeIgniter\Cache\CacheFactory::getHandler(Object(Config\Cache))
#3 C:\wamp64\www\SimpleTine\CodeIgniter4\hmvc\system\Config\BaseService.php(100): CodeIgniter\Config\Services::cache(Object(Config\Cache), false)
#4 C:\wamp64\www\SimpleTine\CodeIgniter4\hmvc\system\Config\Services.php(103): CodeIgniter\Config\BaseService::getSharedInstance('cache', NULL)
#5 C:\wamp64\www\SimpleTine\CodeIgniter4\hmvc\system\Common.php(71): CodeIgniter\Config\Services::cache()
#6 C:\wamp64\www\SimpleTine\CodeIgniter4\hmvc\system\CodeIgniter.php(658): cache()
#7 C:\wamp64\www\SimpleTine\CodeIgniter4\hmvc\system\CodeIgniter.php(319): CodeIgniter\CodeIgniter->displayCache(Object(Config\Cache))
#8 C:\wamp64\www\SimpleTine\CodeIgniter4\hmvc\public\index.php(45): CodeIgniter\CodeIgniter->run()
#9 {main}
CRITICAL - 2022-06-13 18:19:28 --> Cache unable to write to C:\wamp64\www\SimpleTine\CodeIgniter4\hmvc\writable\cache/location/
#0 C:\wamp64\www\SimpleTine\CodeIgniter4\hmvc\system\Cache\Handlers\FileHandler.php(69): CodeIgniter\Cache\Exceptions\CacheException::forUnableToWrite('C:\\wamp64\\www\\S...')
#1 C:\wamp64\www\SimpleTine\CodeIgniter4\hmvc\system\Cache\CacheFactory.php(55): CodeIgniter\Cache\Handlers\FileHandler->__construct(Object(Config\Cache))
#2 C:\wamp64\www\SimpleTine\CodeIgniter4\hmvc\system\Config\Services.php(108): CodeIgniter\Cache\CacheFactory::getHandler(Object(Config\Cache))
#3 C:\wamp64\www\SimpleTine\CodeIgniter4\hmvc\system\Config\BaseService.php(100): CodeIgniter\Config\Services::cache(Object(Config\Cache), false)
#4 C:\wamp64\www\SimpleTine\CodeIgniter4\hmvc\system\Config\Services.php(103): CodeIgniter\Config\BaseService::getSharedInstance('cache', NULL)
#5 C:\wamp64\www\SimpleTine\CodeIgniter4\hmvc\system\Common.php(71): CodeIgniter\Config\Services::cache()
#6 C:\wamp64\www\SimpleTine\CodeIgniter4\hmvc\system\CodeIgniter.php(658): cache()
#7 C:\wamp64\www\SimpleTine\CodeIgniter4\hmvc\system\CodeIgniter.php(319): CodeIgniter\CodeIgniter->displayCache(Object(Config\Cache))
#8 C:\wamp64\www\SimpleTine\CodeIgniter4\hmvc\public\index.php(45): CodeIgniter\CodeIgniter->run()
#9 {main}
CRITICAL - 2022-06-13 18:20:21 --> Cache unable to write to C:\wamp64\www\SimpleTine\CodeIgniter4\hmvc\writable\cache/location/
#0 C:\wamp64\www\SimpleTine\CodeIgniter4\hmvc\system\Cache\Handlers\FileHandler.php(69): CodeIgniter\Cache\Exceptions\CacheException::forUnableToWrite('C:\\wamp64\\www\\S...')
#1 C:\wamp64\www\SimpleTine\CodeIgniter4\hmvc\system\Cache\CacheFactory.php(55): CodeIgniter\Cache\Handlers\FileHandler->__construct(Object(Config\Cache))
#2 C:\wamp64\www\SimpleTine\CodeIgniter4\hmvc\system\Config\Services.php(108): CodeIgniter\Cache\CacheFactory::getHandler(Object(Config\Cache))
#3 C:\wamp64\www\SimpleTine\CodeIgniter4\hmvc\system\Config\BaseService.php(100): CodeIgniter\Config\Services::cache(Object(Config\Cache), false)
#4 C:\wamp64\www\SimpleTine\CodeIgniter4\hmvc\system\Config\Services.php(103): CodeIgniter\Config\BaseService::getSharedInstance('cache', NULL)
#5 C:\wamp64\www\SimpleTine\CodeIgniter4\hmvc\system\Common.php(71): CodeIgniter\Config\Services::cache()
#6 C:\wamp64\www\SimpleTine\CodeIgniter4\hmvc\system\CodeIgniter.php(658): cache()
#7 C:\wamp64\www\SimpleTine\CodeIgniter4\hmvc\system\CodeIgniter.php(319): CodeIgniter\CodeIgniter->displayCache(Object(Config\Cache))
#8 C:\wamp64\www\SimpleTine\CodeIgniter4\hmvc\public\index.php(45): CodeIgniter\CodeIgniter->run()
#9 {main}
CRITICAL - 2022-06-13 18:20:23 --> Cache unable to write to C:\wamp64\www\SimpleTine\CodeIgniter4\hmvc\writable\cache/location/
#0 C:\wamp64\www\SimpleTine\CodeIgniter4\hmvc\system\Cache\Handlers\FileHandler.php(69): CodeIgniter\Cache\Exceptions\CacheException::forUnableToWrite('C:\\wamp64\\www\\S...')
#1 C:\wamp64\www\SimpleTine\CodeIgniter4\hmvc\system\Cache\CacheFactory.php(55): CodeIgniter\Cache\Handlers\FileHandler->__construct(Object(Config\Cache))
#2 C:\wamp64\www\SimpleTine\CodeIgniter4\hmvc\system\Config\Services.php(108): CodeIgniter\Cache\CacheFactory::getHandler(Object(Config\Cache))
#3 C:\wamp64\www\SimpleTine\CodeIgniter4\hmvc\system\Config\BaseService.php(100): CodeIgniter\Config\Services::cache(Object(Config\Cache), false)
#4 C:\wamp64\www\SimpleTine\CodeIgniter4\hmvc\system\Config\Services.php(103): CodeIgniter\Config\BaseService::getSharedInstance('cache', NULL)
#5 C:\wamp64\www\SimpleTine\CodeIgniter4\hmvc\system\Common.php(71): CodeIgniter\Config\Services::cache()
#6 C:\wamp64\www\SimpleTine\CodeIgniter4\hmvc\system\CodeIgniter.php(658): cache()
#7 C:\wamp64\www\SimpleTine\CodeIgniter4\hmvc\system\CodeIgniter.php(319): CodeIgniter\CodeIgniter->displayCache(Object(Config\Cache))
#8 C:\wamp64\www\SimpleTine\CodeIgniter4\hmvc\public\index.php(45): CodeIgniter\CodeIgniter->run()
#9 {main}
CRITICAL - 2022-06-13 18:20:32 --> Cache unable to write to C:\wamp64\www\SimpleTine\CodeIgniter4\hmvc\writable\cache/
#0 C:\wamp64\www\SimpleTine\CodeIgniter4\hmvc\system\Cache\Handlers\FileHandler.php(69): CodeIgniter\Cache\Exceptions\CacheException::forUnableToWrite('C:\\wamp64\\www\\S...')
#1 C:\wamp64\www\SimpleTine\CodeIgniter4\hmvc\system\Cache\CacheFactory.php(55): CodeIgniter\Cache\Handlers\FileHandler->__construct(Object(Config\Cache))
#2 C:\wamp64\www\SimpleTine\CodeIgniter4\hmvc\system\Config\Services.php(108): CodeIgniter\Cache\CacheFactory::getHandler(Object(Config\Cache))
#3 C:\wamp64\www\SimpleTine\CodeIgniter4\hmvc\system\Config\BaseService.php(100): CodeIgniter\Config\Services::cache(Object(Config\Cache), false)
#4 C:\wamp64\www\SimpleTine\CodeIgniter4\hmvc\system\Config\Services.php(103): CodeIgniter\Config\BaseService::getSharedInstance('cache', NULL)
#5 C:\wamp64\www\SimpleTine\CodeIgniter4\hmvc\system\Common.php(71): CodeIgniter\Config\Services::cache()
#6 C:\wamp64\www\SimpleTine\CodeIgniter4\hmvc\system\CodeIgniter.php(658): cache()
#7 C:\wamp64\www\SimpleTine\CodeIgniter4\hmvc\system\CodeIgniter.php(319): CodeIgniter\CodeIgniter->displayCache(Object(Config\Cache))
#8 C:\wamp64\www\SimpleTine\CodeIgniter4\hmvc\public\index.php(45): CodeIgniter\CodeIgniter->run()
#9 {main}
CRITICAL - 2022-06-13 18:20:33 --> Cache unable to write to C:\wamp64\www\SimpleTine\CodeIgniter4\hmvc\writable\cache/
#0 C:\wamp64\www\SimpleTine\CodeIgniter4\hmvc\system\Cache\Handlers\FileHandler.php(69): CodeIgniter\Cache\Exceptions\CacheException::forUnableToWrite('C:\\wamp64\\www\\S...')
#1 C:\wamp64\www\SimpleTine\CodeIgniter4\hmvc\system\Cache\CacheFactory.php(55): CodeIgniter\Cache\Handlers\FileHandler->__construct(Object(Config\Cache))
#2 C:\wamp64\www\SimpleTine\CodeIgniter4\hmvc\system\Config\Services.php(108): CodeIgniter\Cache\CacheFactory::getHandler(Object(Config\Cache))
#3 C:\wamp64\www\SimpleTine\CodeIgniter4\hmvc\system\Config\BaseService.php(100): CodeIgniter\Config\Services::cache(Object(Config\Cache), false)
#4 C:\wamp64\www\SimpleTine\CodeIgniter4\hmvc\system\Config\Services.php(103): CodeIgniter\Config\BaseService::getSharedInstance('cache', NULL)
#5 C:\wamp64\www\SimpleTine\CodeIgniter4\hmvc\system\Common.php(71): CodeIgniter\Config\Services::cache()
#6 C:\wamp64\www\SimpleTine\CodeIgniter4\hmvc\system\CodeIgniter.php(658): cache()
#7 C:\wamp64\www\SimpleTine\CodeIgniter4\hmvc\system\CodeIgniter.php(319): CodeIgniter\CodeIgniter->displayCache(Object(Config\Cache))
#8 C:\wamp64\www\SimpleTine\CodeIgniter4\hmvc\public\index.php(45): CodeIgniter\CodeIgniter->run()
#9 {main}
CRITICAL - 2022-06-13 18:20:56 --> Cache unable to write to C:\wamp64\www\SimpleTine\CodeIgniter4\hmvc\writable\cache/temp/
#0 C:\wamp64\www\SimpleTine\CodeIgniter4\hmvc\system\Cache\Handlers\FileHandler.php(69): CodeIgniter\Cache\Exceptions\CacheException::forUnableToWrite('C:\\wamp64\\www\\S...')
#1 C:\wamp64\www\SimpleTine\CodeIgniter4\hmvc\system\Cache\CacheFactory.php(55): CodeIgniter\Cache\Handlers\FileHandler->__construct(Object(Config\Cache))
#2 C:\wamp64\www\SimpleTine\CodeIgniter4\hmvc\system\Config\Services.php(108): CodeIgniter\Cache\CacheFactory::getHandler(Object(Config\Cache))
#3 C:\wamp64\www\SimpleTine\CodeIgniter4\hmvc\system\Config\BaseService.php(100): CodeIgniter\Config\Services::cache(Object(Config\Cache), false)
#4 C:\wamp64\www\SimpleTine\CodeIgniter4\hmvc\system\Config\Services.php(103): CodeIgniter\Config\BaseService::getSharedInstance('cache', NULL)
#5 C:\wamp64\www\SimpleTine\CodeIgniter4\hmvc\system\Common.php(71): CodeIgniter\Config\Services::cache()
#6 C:\wamp64\www\SimpleTine\CodeIgniter4\hmvc\system\CodeIgniter.php(658): cache()
#7 C:\wamp64\www\SimpleTine\CodeIgniter4\hmvc\system\CodeIgniter.php(319): CodeIgniter\CodeIgniter->displayCache(Object(Config\Cache))
#8 C:\wamp64\www\SimpleTine\CodeIgniter4\hmvc\public\index.php(45): CodeIgniter\CodeIgniter->run()
#9 {main}
CRITICAL - 2022-06-13 18:21:09 --> Cache unable to write to C:\wamp64\www\SimpleTine\CodeIgniter4\hmvc\writable\cache/temp/
#0 C:\wamp64\www\SimpleTine\CodeIgniter4\hmvc\system\Cache\Handlers\FileHandler.php(69): CodeIgniter\Cache\Exceptions\CacheException::forUnableToWrite('C:\\wamp64\\www\\S...')
#1 C:\wamp64\www\SimpleTine\CodeIgniter4\hmvc\system\Cache\CacheFactory.php(55): CodeIgniter\Cache\Handlers\FileHandler->__construct(Object(Config\Cache))
#2 C:\wamp64\www\SimpleTine\CodeIgniter4\hmvc\system\Config\Services.php(108): CodeIgniter\Cache\CacheFactory::getHandler(Object(Config\Cache))
#3 C:\wamp64\www\SimpleTine\CodeIgniter4\hmvc\system\Config\BaseService.php(100): CodeIgniter\Config\Services::cache(Object(Config\Cache), false)
#4 C:\wamp64\www\SimpleTine\CodeIgniter4\hmvc\system\Config\Services.php(103): CodeIgniter\Config\BaseService::getSharedInstance('cache', NULL)
#5 C:\wamp64\www\SimpleTine\CodeIgniter4\hmvc\system\Common.php(71): CodeIgniter\Config\Services::cache()
#6 C:\wamp64\www\SimpleTine\CodeIgniter4\hmvc\system\CodeIgniter.php(658): cache()
#7 C:\wamp64\www\SimpleTine\CodeIgniter4\hmvc\system\CodeIgniter.php(319): CodeIgniter\CodeIgniter->displayCache(Object(Config\Cache))
#8 C:\wamp64\www\SimpleTine\CodeIgniter4\hmvc\public\index.php(45): CodeIgniter\CodeIgniter->run()
#9 {main}
CRITICAL - 2022-06-13 18:21:46 --> Cache unable to write to C:\wamp64\www\SimpleTine\CodeIgniter4\hmvc\writable\cache/
#0 C:\wamp64\www\SimpleTine\CodeIgniter4\hmvc\system\Cache\Handlers\FileHandler.php(69): CodeIgniter\Cache\Exceptions\CacheException::forUnableToWrite('C:\\wamp64\\www\\S...')
#1 C:\wamp64\www\SimpleTine\CodeIgniter4\hmvc\system\Cache\CacheFactory.php(55): CodeIgniter\Cache\Handlers\FileHandler->__construct(Object(Config\Cache))
#2 C:\wamp64\www\SimpleTine\CodeIgniter4\hmvc\system\Config\Services.php(108): CodeIgniter\Cache\CacheFactory::getHandler(Object(Config\Cache))
#3 C:\wamp64\www\SimpleTine\CodeIgniter4\hmvc\system\Config\BaseService.php(100): CodeIgniter\Config\Services::cache(Object(Config\Cache), false)
#4 C:\wamp64\www\SimpleTine\CodeIgniter4\hmvc\system\Config\Services.php(103): CodeIgniter\Config\BaseService::getSharedInstance('cache', NULL)
#5 C:\wamp64\www\SimpleTine\CodeIgniter4\hmvc\system\Common.php(71): CodeIgniter\Config\Services::cache()
#6 C:\wamp64\www\SimpleTine\CodeIgniter4\hmvc\system\CodeIgniter.php(658): cache()
#7 C:\wamp64\www\SimpleTine\CodeIgniter4\hmvc\system\CodeIgniter.php(319): CodeIgniter\CodeIgniter->displayCache(Object(Config\Cache))
#8 C:\wamp64\www\SimpleTine\CodeIgniter4\hmvc\public\index.php(45): CodeIgniter\CodeIgniter->run()
#9 {main}
CRITICAL - 2022-06-13 18:21:57 --> Cache unable to write to C:\wamp64\www\SimpleTine\CodeIgniter4\hmvc\writable\cache\/
#0 C:\wamp64\www\SimpleTine\CodeIgniter4\hmvc\system\Cache\Handlers\FileHandler.php(69): CodeIgniter\Cache\Exceptions\CacheException::forUnableToWrite('C:\\wamp64\\www\\S...')
#1 C:\wamp64\www\SimpleTine\CodeIgniter4\hmvc\system\Cache\CacheFactory.php(55): CodeIgniter\Cache\Handlers\FileHandler->__construct(Object(Config\Cache))
#2 C:\wamp64\www\SimpleTine\CodeIgniter4\hmvc\system\Config\Services.php(108): CodeIgniter\Cache\CacheFactory::getHandler(Object(Config\Cache))
#3 C:\wamp64\www\SimpleTine\CodeIgniter4\hmvc\system\Config\BaseService.php(100): CodeIgniter\Config\Services::cache(Object(Config\Cache), false)
#4 C:\wamp64\www\SimpleTine\CodeIgniter4\hmvc\system\Config\Services.php(103): CodeIgniter\Config\BaseService::getSharedInstance('cache', NULL)
#5 C:\wamp64\www\SimpleTine\CodeIgniter4\hmvc\system\Common.php(71): CodeIgniter\Config\Services::cache()
#6 C:\wamp64\www\SimpleTine\CodeIgniter4\hmvc\system\CodeIgniter.php(658): cache()
#7 C:\wamp64\www\SimpleTine\CodeIgniter4\hmvc\system\CodeIgniter.php(319): CodeIgniter\CodeIgniter->displayCache(Object(Config\Cache))
#8 C:\wamp64\www\SimpleTine\CodeIgniter4\hmvc\public\index.php(45): CodeIgniter\CodeIgniter->run()
#9 {main}
CRITICAL - 2022-06-13 18:22:01 --> Cache unable to write to C:\wamp64\www\SimpleTine\CodeIgniter4\hmvc\writable\cache/
#0 C:\wamp64\www\SimpleTine\CodeIgniter4\hmvc\system\Cache\Handlers\FileHandler.php(69): CodeIgniter\Cache\Exceptions\CacheException::forUnableToWrite('C:\\wamp64\\www\\S...')
#1 C:\wamp64\www\SimpleTine\CodeIgniter4\hmvc\system\Cache\CacheFactory.php(55): CodeIgniter\Cache\Handlers\FileHandler->__construct(Object(Config\Cache))
#2 C:\wamp64\www\SimpleTine\CodeIgniter4\hmvc\system\Config\Services.php(108): CodeIgniter\Cache\CacheFactory::getHandler(Object(Config\Cache))
#3 C:\wamp64\www\SimpleTine\CodeIgniter4\hmvc\system\Config\BaseService.php(100): CodeIgniter\Config\Services::cache(Object(Config\Cache), false)
#4 C:\wamp64\www\SimpleTine\CodeIgniter4\hmvc\system\Config\Services.php(103): CodeIgniter\Config\BaseService::getSharedInstance('cache', NULL)
#5 C:\wamp64\www\SimpleTine\CodeIgniter4\hmvc\system\Common.php(71): CodeIgniter\Config\Services::cache()
#6 C:\wamp64\www\SimpleTine\CodeIgniter4\hmvc\system\CodeIgniter.php(658): cache()
#7 C:\wamp64\www\SimpleTine\CodeIgniter4\hmvc\system\CodeIgniter.php(319): CodeIgniter\CodeIgniter->displayCache(Object(Config\Cache))
#8 C:\wamp64\www\SimpleTine\CodeIgniter4\hmvc\public\index.php(45): CodeIgniter\CodeIgniter->run()
#9 {main}
